2025-10-22::11:06:47::061	getNewComponentsDetailsJsonURL                    :35  	DEBUG	No Server Ip found

2025-10-22::11:06:47::061	getNewComponentsDetailsJsonURL                    :43  	DEBUG	No Servertype found

2025-10-22::11:06:47::064	performNewComponentsJsonDownload                  :2210	DEBUG	Successfully waited for new data

2025-10-22::11:06:47::064	getNewComponentsDetailsJsonURL                    :35  	DEBUG	No Server Ip found

2025-10-22::11:06:47::065	getNewComponentsDetailsJsonURL                    :43  	DEBUG	No Servertype found

2025-10-22::11:06:47::065	ADDL::checkURLFormat                              :74  	DEBUG	No serverIp is found

2025-10-22::11:06:47::065	ADDL::downloadFileFromInternetIfUpdateAvaliable   :1777	DEBUG	hconnet - /drivers/installer/json/NewComponents.json

2025-10-22::11:06:47::065	ADDL::downloadFileFromInternetIfUpdateAvaliable   :1787	DEBUG	Setting INTERNET_OPTION_RECEIVE_TIMEOUT to 90000 milliseconds: Result = 1 0

2025-10-22::11:06:47::065	ADDL::downloadFileFromInternetIfUpdateAvaliable   :1791	DEBUG	Setting INTERNET_OPTION_SEND_TIMEOUT to 30000 milliseconds: Result = 1 0

2025-10-22::11:06:47::065	ADDL::downloadFileFromInternetIfUpdateAvaliable   :1793	DEBUG	Setting INTERNET_OPTION_RECEIVE_TIMEOUT to 30000 milliseconds: Result = 1 0

2025-10-22::11:06:47::204	ADDL::downloadFileFromInternetIfUpdateAvaliable   :1830	DEBUG	Filesize of NewComponents.json is 25744. Modified 2025-07-08 14:17:19.000 UTC

2025-10-22::11:06:47::216	ADDL::downloadFileFromInternetIfUpdateAvaliable   :1866	DEBUG	Filesize of NewComponents.json is 25744. Modified 2025-07-08 14:17:19.000 UTC

2025-10-22::11:06:47::216	ADDL::downloadFileFromInternetIfUpdateAvaliable   :1870	DEBUG	Cached file up to date

2025-10-22::11:06:47::226	IsSmartBlurAvailableIMPL                          :2378		CheckIfToolIsAvaliable for AMD PrivacyView

2025-10-22::11:06:47::226	AdditionalApplications::CheckIfToolIsAvaliable    :676 		Check for display driver: 23 19 12 0

2025-10-22::11:06:47::226	AdditionalApplications::CheckIfToolIsAvaliable    :677 		min required driver: 22 10 0 0

2025-10-22::11:06:47::226	AdditionalApplications::CheckIfToolIsAvaliable    :678 		max required driver: 99 99 65535 65535

2025-10-22::11:11:47::671	GetEligibleDriverDetailsSize                      :58  		Get eligible drivers Size started---------------------

2025-10-22::11:11:47::675	getNewComponentsDetailsJsonURL                    :35  	DEBUG	No Server Ip found

2025-10-22::11:11:47::675	getNewComponentsDetailsJsonURL                    :43  	DEBUG	No Servertype found

2025-10-22::11:11:47::681	ADDL::getURLVersionJSON                           :2357	DEBUG	No Server Ip found

2025-10-22::11:11:47::681	ADDL::getURLVersionJSON                           :2368	DEBUG	No Servertype found

2025-10-22::11:11:47::691	IsSmartBlurAvailableIMPL                          :2378		CheckIfToolIsAvaliable for AMD PrivacyView

2025-10-22::11:11:47::691	AdditionalApplications::CheckIfToolIsAvaliable    :676 		Check for display driver: 23 19 12 0

2025-10-22::11:11:47::691	AdditionalApplications::CheckIfToolIsAvaliable    :677 		min required driver: 22 10 0 0

2025-10-22::11:11:47::691	AdditionalApplications::CheckIfToolIsAvaliable    :678 		max required driver: 99 99 65535 65535

2025-10-22::11:11:47::704	ADDL::isVersionCompatible                         :751 	DEBUG	Inside local version.json parser

2025-10-22::11:11:47::705	ADDL::isVersionCompatible                         :951 	DEBUG	Downloading a file from server: . Download destination: C:\Users\chefb\AppData\Local//AMD_Common//addl_details.json

2025-10-22::11:11:47::707	ADDL::isVersionCompatible                         :1156	DEBUG	 addl version : 1.000000  --- dll has 1.000000 

2025-10-22::11:11:47::707	ADDL::validateInput                               :225 	DEBUG	 common library version  is compatible 

2025-10-22::11:11:47::707	ADDL::fillBuildInfoDetails                        :130 	DEBUG	Entered fillBuildInfo function to get the system and build details

2025-10-22::11:11:47::707	GetEligibleDriverDetailsSize                      :78  	DEBUG	BuildInfo details : is_consumer - 1, is_workstation - 0, is_win10 - 1, is_win7 - 0, is_legacy_eligible - 0,   isIcafe - 0, isFalcon - 0

2025-10-22::11:11:47::710	GetEligibleDriverDetailsSize                      :101 	DEBUG	System has ASIC 1636 C6 1FFF 1043 - 1 0

2025-10-22::11:11:47::710	GetEligibleDriverDetailsSize                      :355 		INSIDE CONSUMER

2025-10-22::11:11:47::728	ADDL::ParseJSONfile                               :385 	DEBUG	file under checking C:\Users\chefb\AppData\Local//AMD_Common//DrvDldDetails_Consumer_Maintenance_Win10.json

2025-10-22::11:11:47::728	ADDL::checkDownloadAccelaratorEligibility         :2522	DEBUG	Download Acceleration is eligible since the physical disk is an SSD and the CPU core count is >= 4

2025-10-22::11:11:48::855	ADDL::updateDriverInfo                            :575 	DEBUG	Deviceidcheck---success

2025-10-22::11:11:48::855	ADDL::updateDriverInfo                            :578 	DEBUG	consumer assigned recognised

2025-10-22::11:11:48::855	ADDL::constructDeploymentAcceleratorPatchURL      :661 	DEBUG	No serverIp is found

2025-10-22::11:11:48::855	ADDL::checkHeaderResponseCode                     :623 	DEBUG	hconnet - /drivers/installer/Patch/amd-software-adrenalin-edition-25.8.1-29087388-64B2D0EF.exe

2025-10-22::11:11:49::049	ADDL::constructDeploymentAcceleratorPatchURL      :719 		No deployment accelerated build found for amd-software-adrenalin-edition-25.8.1-29087388-64B2D0EF.exe. Status code returned: 404

2025-10-22::11:11:49::049	ADDL::updateDriverInfo                            :615 	DEBUG	DEVICE 1636-C6 is  eligible for driver to 23.19.23.11-250701a-417877C-AMD-Software-Adrenalin-Edition 

2025-10-22::11:11:49::049	ADDL::fillDriverInfoDetails                       :283 	DEBUG	Successfully downloaded the JSON file

2025-10-22::11:11:49::049	GetEligibleDriverDetailsSize                      :494 	DEBUG	Get eligible drivers size function ended

2025-10-22::11:11:49::049	GetEligibleDriverDetails                          :536 	DEBUG	Get eligible drivers started

2025-10-22::11:11:49::049	GetEligibleDriverDetails                          :546 	DEBUG	Get eligible drivers function ended

